<?xml version="1.0" encoding="UTF-8"?>
<!-- Generated by org.testng.reporters.JUnitXMLReporter -->
<testsuite ignored="0" hostname="LAPTOP-J6V7M0GL" failures="0" tests="4" name="Checkout Test" time="0.085" errors="0" timestamp="2024-11-27T20:57:16 IST">
  <testcase classname="TestNGPackage.checkOutTest" name="HomePageModule3TestCase14" time="0.008"/>
  <testcase classname="TestNGPackage.checkOutTest" name="HomePageModule3TestCase13" time="0.008"/>
  <testcase classname="TestNGPackage.checkOutTest" name="HomePageModule2TestCase12" time="0.004"/>
  <testcase classname="TestNGPackage.checkOutTest" name="HomePageModule2TestCase11" time="0.003"/>
</testsuite> <!-- Checkout Test -->
