<?xml version="1.0" encoding="UTF-8"?>
<!-- Generated by org.testng.reporters.JUnitXMLReporter -->
<testsuite ignored="1" hostname="LAPTOP-J6V7M0GL" failures="0" tests="5" name="Home Page Test" time="0.069" errors="0" timestamp="2024-11-27T20:57:16 IST">
  <testcase classname="TestNGPackage.homePage2" name="HomePageModule2TestCase4" time="0.005"/>
  <testcase classname="TestNGPackage.homePage" name="HomePageModule1TestCase1" time="0.005"/>
  <testcase classname="TestNGPackage.homePage" name="HomePageModule1TestCase2" time="0.002"/>
  <testcase classname="TestNGPackage.homePage2" name="HomePageModule2TestCase5" time="0.004"/>
  <testcase classname="TestNGPackage.homePage2" name="HomePageModule3TestCase6" time="0.003"/>
  <testcase classname="TestNGPackage.homePage" name="HomePageModule2TestCase3" time="0.0">
    <ignored/>
  </testcase> <!-- HomePageModule2TestCase3 -->
</testsuite> <!-- Home Page Test -->
