<?xml version="1.0" encoding="UTF-8"?>
<!-- Generated by org.testng.reporters.JUnitXMLReporter -->
<testsuite ignored="1" hostname="LAPTOP-J6V7M0GL" failures="0" tests="6" name="Login Test" time="0.087" errors="0" timestamp="2024-11-27T20:57:16 IST">
  <testcase classname="TestNGPackage.loginPage" name="HomePageModule3TestCase9" time="0.013"/>
  <testcase classname="TestNGPackage.loginPage" name="HomePageModule3TestCase10" time="0.002"/>
  <testcase classname="TestNGPackage.loginPage" name="HomePageModule3TestCase11" time="0.002"/>
  <testcase classname="TestNGPackage.loginPage" name="HomePageModule3TestCase11" time="0.002"/>
  <testcase classname="TestNGPackage.loginPage" name="HomePageModule3TestCase11" time="0.002"/>
  <testcase classname="TestNGPackage.loginPage" name="HomePageModule2TestCase8" time="0.001"/>
  <testcase classname="TestNGPackage.loginPage" name="HomePageModule2TestCase7" time="0.0">
    <ignored/>
  </testcase> <!-- HomePageModule2TestCase7 -->
</testsuite> <!-- Login Test -->
