<?xml version="1.0" encoding="UTF-8"?>
<!-- Generated by org.testng.reporters.JUnitXMLReporter -->
<testsuite ignored="8" hostname="LAPTOP-J6V7M0GL" failures="0" tests="1" name="Regression Test" time="0.053" errors="0" timestamp="2024-11-26T20:19:25 IST">
  <testcase classname="TestNGPackage.signUpTest" name="signUpTestCase1" time="0.011"/>
  <testcase classname="TestNGPackage.homePage2" name="HomePageModule2TestCase4" time="0.0">
    <ignored/>
  </testcase> <!-- HomePageModule2TestCase4 -->
  <testcase classname="TestNGPackage.homePage2" name="HomePageModule2TestCase5" time="0.0">
    <ignored/>
  </testcase> <!-- HomePageModule2TestCase5 -->
  <testcase classname="TestNGPackage.signUpTest" name="signUpTestCase3" time="0.0">
    <ignored/>
  </testcase> <!-- signUpTestCase3 -->
  <testcase classname="TestNGPackage.homePage" name="HomePageModule1TestCase2" time="0.0">
    <ignored/>
  </testcase> <!-- HomePageModule1TestCase2 -->
  <testcase classname="TestNGPackage.homePage2" name="HomePageModule3TestCase6" time="0.0">
    <ignored/>
  </testcase> <!-- HomePageModule3TestCase6 -->
  <testcase classname="TestNGPackage.signUpTest" name="signUpTestCase2" time="0.0">
    <ignored/>
  </testcase> <!-- signUpTestCase2 -->
  <testcase classname="TestNGPackage.homePage" name="HomePageModule1TestCase1" time="0.0">
    <ignored/>
  </testcase> <!-- HomePageModule1TestCase1 -->
  <testcase classname="TestNGPackage.homePage" name="HomePageModule2TestCase3" time="0.0">
    <ignored/>
  </testcase> <!-- HomePageModule2TestCase3 -->
</testsuite> <!-- Regression Test -->
