<?xml version="1.0" encoding="UTF-8"?>
<!-- Generated by org.testng.reporters.JUnitXMLReporter -->
<testsuite ignored="3" hostname="LAPTOP-J6V7M0GL" failures="0" tests="6" name="Smoke Test" time="0.075" errors="0" timestamp="2024-11-26T20:18:14 IST">
  <testcase classname="TestNGPackage.homePage" name="HomePageModule1TestCase1" time="0.005"/>
  <testcase classname="TestNGPackage.homePage" name="HomePageModule1TestCase2" time="0.001"/>
  <testcase classname="TestNGPackage.homePage" name="HomePageModule2TestCase3" time="0.001"/>
  <testcase classname="TestNGPackage.homePage2" name="HomePageModule2TestCase4" time="0.003"/>
  <testcase classname="TestNGPackage.homePage2" name="HomePageModule2TestCase5" time="0.004"/>
  <testcase classname="TestNGPackage.signUpTest" name="signUpTestCase1" time="0.001"/>
  <testcase classname="TestNGPackage.signUpTest" name="signUpTestCase3" time="0.0">
    <ignored/>
  </testcase> <!-- signUpTestCase3 -->
  <testcase classname="TestNGPackage.homePage2" name="HomePageModule3TestCase6" time="0.0">
    <ignored/>
  </testcase> <!-- HomePageModule3TestCase6 -->
  <testcase classname="TestNGPackage.signUpTest" name="signUpTestCase2" time="0.0">
    <ignored/>
  </testcase> <!-- signUpTestCase2 -->
</testsuite> <!-- Smoke Test -->
