<?xml version="1.0" encoding="UTF-8"?>
<!-- Generated by org.testng.reporters.JUnitXMLReporter -->
<testsuite ignored="0" hostname="LAPTOP-J6V7M0GL" failures="0" tests="3" name="Default test" time="0.052" errors="0" timestamp="2024-11-25T20:33:16 IST">
  <testcase classname="TestNGPackage.signUpTest" name="signUpTestCase1" time="0.01"/>
  <testcase classname="TestNGPackage.signUpTest" name="signUpTestCase2" time="0.001"/>
  <testcase classname="TestNGPackage.signUpTest" name="signUpTestCase3" time="0.001"/>
</testsuite> <!-- Default test -->
